<?xml version="1.0" encoding="UTF-8"?>
<!-- Generated by org.testng.reporters.JUnitXMLReporter -->
<testsuite ignored="0" hostname="DESKTOP-4R897Q8" failures="1" tests="2" name="Test" time="37.063" errors="0" timestamp="2025-05-26T14:30:17 IST">
  <testcase classname="test.LoginTest" name="loginTest" time="10.122"/>
  <testcase classname="test.LoginTest" name="loginTest" time="11.628">
    <failure type="java.lang.AssertionError" message="Login failed expected [true] but found [false]">
      <![CDATA[java.lang.AssertionError: Login failed expected [true] but found [false]
at test.LoginTest.loginTest(LoginTest.java:24)
at java.base/java.util.ArrayList.forEach(ArrayList.java:1597)
... Removed 28 stack frames]]>
    </failure>
  </testcase> <!-- loginTest -->
</testsuite> <!-- Test -->
